<?xml version="1.0" encoding="UTF-8"?>
<Site BuildName="(empty)"
	BuildStamp="20241111-1234-Experimental"
	Name="(empty)"
	Generator="ctest-3.28.3"
	CompilerName=""
	CompilerVersion=""
	OSName="Linux"
	Hostname="bersbot-HP-Laptop-17-cn0xxx"
	OSRelease="6.8.0-47-generic"
	OSVersion="#47-Ubuntu SMP PREEMPT_DYNAMIC Fri Sep 27 21:40:26 UTC 2024"
	OSPlatform="x86_64"
	Is64Bits="1"
	VendorString="GenuineIntel"
	VendorID="Intel Corporation"
	FamilyID="6"
	ModelID="122"
	ProcessorCacheSize="4096"
	NumberOfLogicalCPU="4"
	NumberOfPhysicalCPU="4"
	TotalVirtualMemory="2047"
	TotalPhysicalMemory="7754"
	LogicalProcessorsPerPhysical="1"
	ProcessorClockFrequency="2327.8"
	>
	<Testing>
		<StartDateTime>Nov 11 13:34 CET</StartDateTime>
		<StartTestTime>1731328485</StartTestTime>
		<TestList/>
		<EndDateTime>Nov 11 13:34 CET</EndDateTime>
		<EndTestTime>1731328485</EndTestTime>
		<ElapsedMinutes>0</ElapsedMinutes>
	</Testing>
</Site>
